<?xml version="1.0" encoding="UTF-8"?>
<coverage generated="1789554250396" clover="3.2.0">
  <project timestamp="1789554250397" name="All files">
    <metrics statements="179" coveredstatements="169" conditionals="91" coveredconditionals="81" methods="46" coveredmethods="44" elements="316" coveredelements="294" complexity="0" loc="179" ncloc="179" packages="11" files="24" classes="24"/>
    <package name="assets.images.partners.build-europe">
      <metrics statements="0" coveredstatements="0" conditionals="0" coveredconditionals="0" methods="0" coveredmethods="0"/>
      <file name="cover.webp" path="C:\Users\ASUS\Рабочий стол\TEST TASK\vv-work\src\assets\images\partners\build-europe\cover.webp">
        <metrics statements="0" coveredstatements="0" conditionals="0" coveredconditionals="0" methods="0" coveredmethods="0"/>
      </file>
      <file name="logo.webp" path="C:\Users\ASUS\Рабочий стол\TEST TASK\vv-work\src\assets\images\partners\build-europe\logo.webp">
        <metrics statements="0" coveredstatements="0" conditionals="0" coveredconditionals="0" methods="0" coveredmethods="0"/>
      </file>
    </package>
    <package name="assets.images.partners.digital-europe">
      <metrics statements="0" coveredstatements="0" conditionals="0" coveredconditionals="0" methods="0" coveredmethods="0"/>
      <file name="cover.webp" path="C:\Users\ASUS\Рабочий стол\TEST TASK\vv-work\src\assets\images\partners\digital-europe\cover.webp">
        <metrics statements="0" coveredstatements="0" conditionals="0" coveredconditionals="0" methods="0" coveredmethods="0"/>
      </file>
      <file name="logo.webp" path="C:\Users\ASUS\Рабочий стол\TEST TASK\vv-work\src\assets\images\partners\digital-europe\logo.webp">
        <metrics statements="0" coveredstatements="0" conditionals="0" coveredconditionals="0" methods="0" coveredmethods="0"/>
      </file>
    </package>
    <package name="assets.images.partners.euro-transport">
      <metrics statements="0" coveredstatements="0" conditionals="0" coveredconditionals="0" methods="0" coveredmethods="0"/>
      <file name="cover.webp" path="C:\Users\ASUS\Рабочий стол\TEST TASK\vv-work\src\assets\images\partners\euro-transport\cover.webp">
        <metrics statements="0" coveredstatements="0" conditionals="0" coveredconditionals="0" methods="0" coveredmethods="0"/>
      </file>
      <file name="logo.webp" path="C:\Users\ASUS\Рабочий стол\TEST TASK\vv-work\src\assets\images\partners\euro-transport\logo.webp">
        <metrics statements="0" coveredstatements="0" conditionals="0" coveredconditionals="0" methods="0" coveredmethods="0"/>
      </file>
    </package>
    <package name="assets.images.partners.hotel-group">
      <metrics statements="0" coveredstatements="0" conditionals="0" coveredconditionals="0" methods="0" coveredmethods="0"/>
      <file name="cover.webp" path="C:\Users\ASUS\Рабочий стол\TEST TASK\vv-work\src\assets\images\partners\hotel-group\cover.webp">
        <metrics statements="0" coveredstatements="0" conditionals="0" coveredconditionals="0" methods="0" coveredmethods="0"/>
      </file>
      <file name="logo.webp" path="C:\Users\ASUS\Рабочий стол\TEST TASK\vv-work\src\assets\images\partners\hotel-group\logo.webp">
        <metrics statements="0" coveredstatements="0" conditionals="0" coveredconditionals="0" methods="0" coveredmethods="0"/>
      </file>
    </package>
    <package name="assets.images.partners.logistics-group">
      <metrics statements="0" coveredstatements="0" conditionals="0" coveredconditionals="0" methods="0" coveredmethods="0"/>
      <file name="cover.webp" path="C:\Users\ASUS\Рабочий стол\TEST TASK\vv-work\src\assets\images\partners\logistics-group\cover.webp">
        <metrics statements="0" coveredstatements="0" conditionals="0" coveredconditionals="0" methods="0" coveredmethods="0"/>
      </file>
      <file name="logo.webp" path="C:\Users\ASUS\Рабочий стол\TEST TASK\vv-work\src\assets\images\partners\logistics-group\logo.webp">
        <metrics statements="0" coveredstatements="0" conditionals="0" coveredconditionals="0" methods="0" coveredmethods="0"/>
      </file>
    </package>
    <package name="assets.images.partners.tech-production">
      <metrics statements="0" coveredstatements="0" conditionals="0" coveredconditionals="0" methods="0" coveredmethods="0"/>
      <file name="cover.webp" path="C:\Users\ASUS\Рабочий стол\TEST TASK\vv-work\src\assets\images\partners\tech-production\cover.webp">
        <metrics statements="0" coveredstatements="0" conditionals="0" coveredconditionals="0" methods="0" coveredmethods="0"/>
      </file>
      <file name="logo.webp" path="C:\Users\ASUS\Рабочий стол\TEST TASK\vv-work\src\assets\images\partners\tech-production\logo.webp">
        <metrics statements="0" coveredstatements="0" conditionals="0" coveredconditionals="0" methods="0" coveredmethods="0"/>
      </file>
    </package>
    <package name="components.contacts.ContactForm">
      <metrics statements="18" coveredstatements="16" conditionals="22" coveredconditionals="19" methods="3" coveredmethods="3"/>
      <file name="ContactForm.tsx" path="C:\Users\ASUS\Рабочий стол\TEST TASK\vv-work\src\components\contacts\ContactForm\ContactForm.tsx">
        <metrics statements="18" coveredstatements="16" conditionals="22" coveredconditionals="19" methods="3" coveredmethods="3"/>
        <line num="11" count="1" type="stmt"/>
        <line num="13" count="1" type="stmt"/>
        <line num="14" count="31" type="stmt"/>
        <line num="16" count="31" type="stmt"/>
        <line num="17" count="31" type="stmt"/>
        <line num="25" count="31" type="stmt"/>
        <line num="34" count="31" type="stmt"/>
        <line num="36" count="31" type="stmt"/>
        <line num="37" count="1" type="stmt"/>
        <line num="40" count="1" type="stmt"/>
        <line num="42" count="1" type="stmt"/>
        <line num="45" count="1" type="stmt"/>
        <line num="47" count="0" type="stmt"/>
        <line num="48" count="0" type="stmt"/>
        <line num="52" count="31" type="cond" truecount="2" falsecount="0"/>
        <line num="53" count="1" type="stmt"/>
        <line num="99" count="30" type="stmt"/>
        <line num="145" count="3" type="cond" truecount="2" falsecount="0"/>
      </file>
    </package>
    <package name="components.home.JobSearch">
      <metrics statements="78" coveredstatements="70" conditionals="23" coveredconditionals="16" methods="14" coveredmethods="12"/>
      <file name="JobSearch.tsx" path="C:\Users\ASUS\Рабочий стол\TEST TASK\vv-work\src\components\home\JobSearch\JobSearch.tsx">
        <metrics statements="78" coveredstatements="70" conditionals="23" coveredconditionals="16" methods="14" coveredmethods="12"/>
        <line num="15" count="1" type="stmt"/>
        <line num="16" count="50" type="stmt"/>
        <line num="18" count="50" type="stmt"/>
        <line num="20" count="50" type="stmt"/>
        <line num="21" count="50" type="stmt"/>
        <line num="22" count="50" type="stmt"/>
        <line num="24" count="50" type="stmt"/>
        <line num="25" count="50" type="stmt"/>
        <line num="27" count="50" type="stmt"/>
        <line num="28" count="50" type="stmt"/>
        <line num="29" count="50" type="stmt"/>
        <line num="31" count="50" type="stmt"/>
        <line num="34" count="50" type="cond" truecount="3" falsecount="0"/>
        <line num="36" count="50" type="stmt"/>
        <line num="37" count="21" type="stmt"/>
        <line num="39" count="21" type="cond" truecount="2" falsecount="0"/>
        <line num="40" count="12" type="stmt"/>
        <line num="41" count="12" type="stmt"/>
        <line num="42" count="12" type="stmt"/>
        <line num="43" count="12" type="stmt"/>
        <line num="45" count="12" type="stmt"/>
        <line num="46" count="12" type="stmt"/>
        <line num="50" count="9" type="stmt"/>
        <line num="51" count="9" type="stmt"/>
        <line num="52" count="9" type="stmt"/>
        <line num="53" count="9" type="stmt"/>
        <line num="55" count="9" type="stmt"/>
        <line num="61" count="9" type="cond" truecount="2" falsecount="0"/>
        <line num="62" count="8" type="stmt"/>
        <line num="64" count="6" type="cond" truecount="2" falsecount="0"/>
        <line num="65" count="1" type="stmt"/>
        <line num="68" count="5" type="stmt"/>
        <line num="69" count="5" type="stmt"/>
        <line num="71" count="5" type="stmt"/>
        <line num="74" count="1" type="stmt"/>
        <line num="76" count="1" type="cond" truecount="1" falsecount="1"/>
        <line num="77" count="0" type="stmt"/>
        <line num="80" count="1" type="stmt"/>
        <line num="81" count="1" type="stmt"/>
        <line num="83" count="2" type="cond" truecount="1" falsecount="1"/>
        <line num="84" count="0" type="stmt"/>
        <line num="87" count="2" type="stmt"/>
        <line num="88" count="2" type="stmt"/>
        <line num="89" count="2" type="stmt"/>
        <line num="91" count="9" type="cond" truecount="2" falsecount="0"/>
        <line num="92" count="8" type="stmt"/>
        <line num="97" count="9" type="stmt"/>
        <line num="99" count="9" type="stmt"/>
        <line num="100" count="9" type="stmt"/>
        <line num="104" count="50" type="stmt"/>
        <line num="105" count="2" type="cond" truecount="1" falsecount="1"/>
        <line num="106" count="0" type="stmt"/>
        <line num="109" count="2" type="stmt"/>
        <line num="111" count="2" type="stmt"/>
        <line num="112" count="2" type="stmt"/>
        <line num="113" count="2" type="stmt"/>
        <line num="115" count="2" type="stmt"/>
        <line num="116" count="2" type="stmt"/>
        <line num="118" count="2" type="stmt"/>
        <line num="119" count="2" type="stmt"/>
        <line num="122" count="50" type="stmt"/>
        <line num="123" count="7" type="stmt"/>
        <line num="125" count="7" type="cond" truecount="1" falsecount="1"/>
        <line num="126" count="0" type="stmt"/>
        <line num="130" count="50" type="stmt"/>
        <line num="131" count="1" type="stmt"/>
        <line num="134" count="50" type="stmt"/>
        <line num="135" count="1" type="stmt"/>
        <line num="136" count="1" type="cond" truecount="1" falsecount="1"/>
        <line num="139" count="1" type="stmt"/>
        <line num="142" count="50" type="stmt"/>
        <line num="143" count="0" type="stmt"/>
        <line num="145" count="0" type="cond" truecount="0" falsecount="2"/>
        <line num="146" count="0" type="stmt"/>
        <line num="149" count="0" type="stmt"/>
        <line num="152" count="50" type="stmt"/>
        <line num="153" count="1" type="stmt"/>
        <line num="156" count="50" type="stmt"/>
      </file>
    </package>
    <package name="data">
      <metrics statements="3" coveredstatements="3" conditionals="0" coveredconditionals="0" methods="0" coveredmethods="0"/>
      <file name="candidates.ts" path="C:\Users\ASUS\Рабочий стол\TEST TASK\vv-work\src\data\candidates.ts">
        <metrics statements="1" coveredstatements="1" conditionals="0" coveredconditionals="0" methods="0" coveredmethods="0"/>
        <line num="3" count="1" type="stmt"/>
      </file>
      <file name="jobs.ts" path="C:\Users\ASUS\Рабочий стол\TEST TASK\vv-work\src\data\jobs.ts">
        <metrics statements="1" coveredstatements="1" conditionals="0" coveredconditionals="0" methods="0" coveredmethods="0"/>
        <line num="3" count="2" type="stmt"/>
      </file>
      <file name="partners.ts" path="C:\Users\ASUS\Рабочий стол\TEST TASK\vv-work\src\data\partners.ts">
        <metrics statements="1" coveredstatements="1" conditionals="0" coveredconditionals="0" methods="0" coveredmethods="0"/>
        <line num="21" count="2" type="stmt"/>
      </file>
    </package>
    <package name="hooks">
      <metrics statements="30" coveredstatements="30" conditionals="14" coveredconditionals="14" methods="13" coveredmethods="13"/>
      <file name="useDebounce.ts" path="C:\Users\ASUS\Рабочий стол\TEST TASK\vv-work\src\hooks\useDebounce.ts">
        <metrics statements="8" coveredstatements="8" conditionals="1" coveredconditionals="1" methods="4" coveredmethods="4"/>
        <line num="3" count="1" type="cond" truecount="1" falsecount="0"/>
        <line num="4" count="14" type="stmt"/>
        <line num="6" count="14" type="stmt"/>
        <line num="7" count="11" type="stmt"/>
        <line num="8" count="3" type="stmt"/>
        <line num="11" count="11" type="stmt"/>
        <line num="12" count="11" type="stmt"/>
        <line num="16" count="14" type="stmt"/>
      </file>
      <file name="usePartnerPage.ts" path="C:\Users\ASUS\Рабочий стол\TEST TASK\vv-work\src\hooks\usePartnerPage.ts">
        <metrics statements="22" coveredstatements="22" conditionals="13" coveredconditionals="13" methods="9" coveredmethods="9"/>
        <line num="7" count="1" type="stmt"/>
        <line num="8" count="32" type="stmt"/>
        <line num="9" count="32" type="stmt"/>
        <line num="11" count="32" type="stmt"/>
        <line num="12" count="20" type="cond" truecount="2" falsecount="0"/>
        <line num="13" count="1" type="stmt"/>
        <line num="16" count="61" type="stmt"/>
        <line num="19" count="32" type="stmt"/>
        <line num="20" count="20" type="cond" truecount="2" falsecount="0"/>
        <line num="21" count="2" type="stmt"/>
        <line num="24" count="108" type="stmt"/>
        <line num="27" count="32" type="stmt"/>
        <line num="28" count="20" type="stmt"/>
        <line num="31" count="32" type="stmt"/>
        <line num="32" count="32" type="stmt"/>
        <line num="34" count="32" type="stmt"/>
        <line num="35" count="30" type="cond" truecount="2" falsecount="0"/>
        <line num="37" count="30" type="stmt"/>
        <line num="39" count="30" type="stmt"/>
        <line num="42" count="30" type="cond" truecount="5" falsecount="0"/>
        <line num="48" count="30" type="cond" truecount="2" falsecount="0"/>
        <line num="52" count="32" type="stmt"/>
      </file>
    </package>
    <package name="services">
      <metrics statements="50" coveredstatements="50" conditionals="32" coveredconditionals="32" methods="16" coveredmethods="16"/>
      <file name="candidatesApi.ts" path="C:\Users\ASUS\Рабочий стол\TEST TASK\vv-work\src\services\candidatesApi.ts">
        <metrics statements="12" coveredstatements="12" conditionals="12" coveredconditionals="12" methods="4" coveredmethods="4"/>
        <line num="9" count="1" type="stmt"/>
        <line num="10" count="108" type="stmt"/>
        <line num="13" count="1" type="stmt"/>
        <line num="16" count="8" type="cond" truecount="2" falsecount="0"/>
        <line num="18" count="8" type="stmt"/>
        <line num="20" count="8" type="stmt"/>
        <line num="22" count="56" type="cond" truecount="2" falsecount="0"/>
        <line num="24" count="100" type="stmt"/>
        <line num="27" count="56" type="cond" truecount="2" falsecount="0"/>
        <line num="29" count="56" type="cond" truecount="2" falsecount="0"/>
        <line num="31" count="56" type="cond" truecount="3" falsecount="0"/>
        <line num="34" count="8" type="stmt"/>
      </file>
      <file name="contactApi.ts" path="C:\Users\ASUS\Рабочий стол\TEST TASK\vv-work\src\services\contactApi.ts">
        <metrics statements="2" coveredstatements="2" conditionals="0" coveredconditionals="0" methods="1" coveredmethods="1"/>
        <line num="13" count="2" type="stmt"/>
        <line num="16" count="3" type="stmt"/>
      </file>
      <file name="jobsApi.ts" path="C:\Users\ASUS\Рабочий стол\TEST TASK\vv-work\src\services\jobsApi.ts">
        <metrics statements="16" coveredstatements="16" conditionals="12" coveredconditionals="12" methods="5" coveredmethods="5"/>
        <line num="6" count="1" type="stmt"/>
        <line num="7" count="168" type="stmt"/>
        <line num="10" count="1" type="stmt"/>
        <line num="11" count="54" type="cond" truecount="2" falsecount="0"/>
        <line num="12" count="18" type="stmt"/>
        <line num="15" count="36" type="stmt"/>
        <line num="17" count="36" type="stmt"/>
        <line num="18" count="132" type="stmt"/>
        <line num="22" count="1" type="stmt"/>
        <line num="25" count="9" type="cond" truecount="2" falsecount="0"/>
        <line num="27" count="9" type="stmt"/>
        <line num="28" count="54" type="stmt"/>
        <line num="30" count="54" type="cond" truecount="2" falsecount="0"/>
        <line num="32" count="54" type="cond" truecount="2" falsecount="0"/>
        <line num="34" count="54" type="cond" truecount="3" falsecount="0"/>
        <line num="37" count="9" type="stmt"/>
      </file>
      <file name="mockFetch.ts" path="C:\Users\ASUS\Рабочий стол\TEST TASK\vv-work\src\services\mockFetch.ts">
        <metrics statements="13" coveredstatements="13" conditionals="6" coveredconditionals="6" methods="3" coveredmethods="3"/>
        <line num="7" count="2" type="stmt"/>
        <line num="8" count="2" type="stmt"/>
        <line num="9" count="2" type="stmt"/>
        <line num="11" count="2" type="stmt"/>
        <line num="12" count="4" type="stmt"/>
        <line num="15" count="2" type="stmt"/>
        <line num="23" count="4" type="stmt"/>
        <line num="25" count="4" type="stmt"/>
        <line num="27" count="4" type="stmt"/>
        <line num="28" count="4" type="stmt"/>
        <line num="31" count="4" type="cond" truecount="2" falsecount="0"/>
        <line num="32" count="1" type="stmt"/>
        <line num="35" count="3" type="stmt"/>
      </file>
      <file name="partnersApi.ts" path="C:\Users\ASUS\Рабочий стол\TEST TASK\vv-work\src\services\partnersApi.ts">
        <metrics statements="7" coveredstatements="7" conditionals="2" coveredconditionals="2" methods="3" coveredmethods="3"/>
        <line num="6" count="1" type="stmt"/>
        <line num="7" count="1" type="stmt"/>
        <line num="10" count="1" type="stmt"/>
        <line num="11" count="7" type="stmt"/>
        <line num="13" count="2" type="cond" truecount="2" falsecount="0"/>
        <line num="14" count="1" type="stmt"/>
        <line num="17" count="1" type="stmt"/>
      </file>
    </package>
  </project>
</coverage>
