{"C:\\Users\\ASUS\\Рабочий стол\\TEST TASK\\vv-work\\src\\assets\\images\\partners\\build-europe\\cover.webp": {"path":"C:\\Users\\ASUS\\Рабочий стол\\TEST TASK\\vv-work\\src\\assets\\images\\partners\\build-europe\\cover.webp","statementMap":{},"fnMap":{},"branchMap":{},"s":{},"f":{},"b":{},"meta":{"lastBranch":0,"lastFunction":0,"lastStatement":0,"seen":{},"fnNames":{}}}
,"C:\\Users\\ASUS\\Рабочий стол\\TEST TASK\\vv-work\\src\\assets\\images\\partners\\build-europe\\logo.webp": {"path":"C:\\Users\\ASUS\\Рабочий стол\\TEST TASK\\vv-work\\src\\assets\\images\\partners\\build-europe\\logo.webp","statementMap":{},"fnMap":{},"branchMap":{},"s":{},"f":{},"b":{},"meta":{"lastBranch":0,"lastFunction":0,"lastStatement":0,"seen":{},"fnNames":{}}}
,"C:\\Users\\ASUS\\Рабочий стол\\TEST TASK\\vv-work\\src\\assets\\images\\partners\\digital-europe\\cover.webp": {"path":"C:\\Users\\ASUS\\Рабочий стол\\TEST TASK\\vv-work\\src\\assets\\images\\partners\\digital-europe\\cover.webp","statementMap":{},"fnMap":{},"branchMap":{},"s":{},"f":{},"b":{},"meta":{"lastBranch":0,"lastFunction":0,"lastStatement":0,"seen":{},"fnNames":{}}}
,"C:\\Users\\ASUS\\Рабочий стол\\TEST TASK\\vv-work\\src\\assets\\images\\partners\\digital-europe\\logo.webp": {"path":"C:\\Users\\ASUS\\Рабочий стол\\TEST TASK\\vv-work\\src\\assets\\images\\partners\\digital-europe\\logo.webp","statementMap":{},"fnMap":{},"branchMap":{},"s":{},"f":{},"b":{},"meta":{"lastBranch":0,"lastFunction":0,"lastStatement":0,"seen":{},"fnNames":{}}}
,"C:\\Users\\ASUS\\Рабочий стол\\TEST TASK\\vv-work\\src\\assets\\images\\partners\\euro-transport\\cover.webp": {"path":"C:\\Users\\ASUS\\Рабочий стол\\TEST TASK\\vv-work\\src\\assets\\images\\partners\\euro-transport\\cover.webp","statementMap":{},"fnMap":{},"branchMap":{},"s":{},"f":{},"b":{},"meta":{"lastBranch":0,"lastFunction":0,"lastStatement":0,"seen":{},"fnNames":{}}}
,"C:\\Users\\ASUS\\Рабочий стол\\TEST TASK\\vv-work\\src\\assets\\images\\partners\\euro-transport\\logo.webp": {"path":"C:\\Users\\ASUS\\Рабочий стол\\TEST TASK\\vv-work\\src\\assets\\images\\partners\\euro-transport\\logo.webp","statementMap":{},"fnMap":{},"branchMap":{},"s":{},"f":{},"b":{},"meta":{"lastBranch":0,"lastFunction":0,"lastStatement":0,"seen":{},"fnNames":{}}}
,"C:\\Users\\ASUS\\Рабочий стол\\TEST TASK\\vv-work\\src\\assets\\images\\partners\\hotel-group\\cover.webp": {"path":"C:\\Users\\ASUS\\Рабочий стол\\TEST TASK\\vv-work\\src\\assets\\images\\partners\\hotel-group\\cover.webp","statementMap":{},"fnMap":{},"branchMap":{},"s":{},"f":{},"b":{},"meta":{"lastBranch":0,"lastFunction":0,"lastStatement":0,"seen":{},"fnNames":{}}}
,"C:\\Users\\ASUS\\Рабочий стол\\TEST TASK\\vv-work\\src\\assets\\images\\partners\\hotel-group\\logo.webp": {"path":"C:\\Users\\ASUS\\Рабочий стол\\TEST TASK\\vv-work\\src\\assets\\images\\partners\\hotel-group\\logo.webp","statementMap":{},"fnMap":{},"branchMap":{},"s":{},"f":{},"b":{},"meta":{"lastBranch":0,"lastFunction":0,"lastStatement":0,"seen":{},"fnNames":{}}}
,"C:\\Users\\ASUS\\Рабочий стол\\TEST TASK\\vv-work\\src\\assets\\images\\partners\\logistics-group\\cover.webp": {"path":"C:\\Users\\ASUS\\Рабочий стол\\TEST TASK\\vv-work\\src\\assets\\images\\partners\\logistics-group\\cover.webp","statementMap":{},"fnMap":{},"branchMap":{},"s":{},"f":{},"b":{},"meta":{"lastBranch":0,"lastFunction":0,"lastStatement":0,"seen":{},"fnNames":{}}}
,"C:\\Users\\ASUS\\Рабочий стол\\TEST TASK\\vv-work\\src\\assets\\images\\partners\\logistics-group\\logo.webp": {"path":"C:\\Users\\ASUS\\Рабочий стол\\TEST TASK\\vv-work\\src\\assets\\images\\partners\\logistics-group\\logo.webp","statementMap":{},"fnMap":{},"branchMap":{},"s":{},"f":{},"b":{},"meta":{"lastBranch":0,"lastFunction":0,"lastStatement":0,"seen":{},"fnNames":{}}}
,"C:\\Users\\ASUS\\Рабочий стол\\TEST TASK\\vv-work\\src\\assets\\images\\partners\\tech-production\\cover.webp": {"path":"C:\\Users\\ASUS\\Рабочий стол\\TEST TASK\\vv-work\\src\\assets\\images\\partners\\tech-production\\cover.webp","statementMap":{},"fnMap":{},"branchMap":{},"s":{},"f":{},"b":{},"meta":{"lastBranch":0,"lastFunction":0,"lastStatement":0,"seen":{},"fnNames":{}}}
,"C:\\Users\\ASUS\\Рабочий стол\\TEST TASK\\vv-work\\src\\assets\\images\\partners\\tech-production\\logo.webp": {"path":"C:\\Users\\ASUS\\Рабочий стол\\TEST TASK\\vv-work\\src\\assets\\images\\partners\\tech-production\\logo.webp","statementMap":{},"fnMap":{},"branchMap":{},"s":{},"f":{},"b":{},"meta":{"lastBranch":0,"lastFunction":0,"lastStatement":0,"seen":{},"fnNames":{}}}
,"C:\\Users\\ASUS\\Рабочий стол\\TEST TASK\\vv-work\\src\\components\\contacts\\ContactForm\\ContactForm.tsx": {"path":"C:\\Users\\ASUS\\Рабочий стол\\TEST TASK\\vv-work\\src\\components\\contacts\\ContactForm\\ContactForm.tsx","statementMap":{"0":{"start":{"line":11,"column":24},"end":{"line":11,"column":null}},"1":{"start":{"line":13,"column":13},"end":{"line":376,"column":null}},"2":{"start":{"line":14,"column":16},"end":{"line":14,"column":31}},"3":{"start":{"line":16,"column":40},"end":{"line":16,"column":null}},"4":{"start":{"line":17,"column":36},"end":{"line":17,"column":null}},"5":{"start":{"line":25,"column":6},"end":{"line":32,"column":null}},"6":{"start":{"line":34,"column":18},"end":{"line":34,"column":null}},"7":{"start":{"line":36,"column":19},"end":{"line":50,"column":null}},"8":{"start":{"line":37,"column":4},"end":{"line":37,"column":null}},"9":{"start":{"line":40,"column":4},"end":{"line":40,"column":null}},"10":{"start":{"line":42,"column":4},"end":{"line":49,"column":null}},"11":{"start":{"line":45,"column":6},"end":{"line":45,"column":null}},"12":{"start":{"line":47,"column":6},"end":{"line":47,"column":null}},"13":{"start":{"line":48,"column":6},"end":{"line":48,"column":null}},"14":{"start":{"line":52,"column":2},"end":{"line":97,"column":null}},"15":{"start":{"line":53,"column":4},"end":{"line":95,"column":null}},"16":{"start":{"line":99,"column":2},"end":{"line":374,"column":null}},"17":{"start":{"line":145,"column":16},"end":{"line":145,"column":null}}},"fnMap":{"0":{"name":"(anonymous_0)","decl":{"start":{"line":13,"column":13},"end":{"line":13,"column":33}},"loc":{"start":{"line":13,"column":33},"end":{"line":376,"column":null}},"line":13},"1":{"name":"(anonymous_1)","decl":{"start":{"line":36,"column":19},"end":{"line":36,"column":26}},"loc":{"start":{"line":36,"column":53},"end":{"line":50,"column":null}},"line":36},"2":{"name":"(anonymous_2)","decl":{"start":{"line":144,"column":14},"end":{"line":144,"column":25}},"loc":{"start":{"line":145,"column":16},"end":{"line":145,"column":null}},"line":145}},"branchMap":{"0":{"loc":{"start":{"line":52,"column":2},"end":{"line":97,"column":null}},"type":"if","locations":[{"start":{"line":52,"column":2},"end":{"line":97,"column":null}},{"start":{},"end":{}}],"line":52},"1":{"loc":{"start":{"line":145,"column":16},"end":{"line":145,"column":null}},"type":"binary-expr","locations":[{"start":{"line":145,"column":16},"end":{"line":145,"column":44}},{"start":{"line":145,"column":44},"end":{"line":145,"column":null}}],"line":145},"2":{"loc":{"start":{"line":162,"column":16},"end":{"line":164,"column":null}},"type":"cond-expr","locations":[{"start":{"line":163,"column":20},"end":{"line":163,"column":null}},{"start":{"line":164,"column":20},"end":{"line":164,"column":null}}],"line":162},"3":{"loc":{"start":{"line":169,"column":11},"end":{"line":178,"column":null}},"type":"binary-expr","locations":[{"start":{"line":169,"column":11},"end":{"line":169,"column":null}},{"start":{"line":170,"column":12},"end":{"line":178,"column":null}}],"line":169},"4":{"loc":{"start":{"line":220,"column":16},"end":{"line":222,"column":null}},"type":"cond-expr","locations":[{"start":{"line":221,"column":20},"end":{"line":221,"column":null}},{"start":{"line":222,"column":20},"end":{"line":222,"column":null}}],"line":220},"5":{"loc":{"start":{"line":227,"column":11},"end":{"line":236,"column":null}},"type":"binary-expr","locations":[{"start":{"line":227,"column":11},"end":{"line":227,"column":null}},{"start":{"line":228,"column":12},"end":{"line":236,"column":null}}],"line":227},"6":{"loc":{"start":{"line":288,"column":16},"end":{"line":290,"column":null}},"type":"cond-expr","locations":[{"start":{"line":289,"column":20},"end":{"line":289,"column":null}},{"start":{"line":290,"column":20},"end":{"line":290,"column":null}}],"line":288},"7":{"loc":{"start":{"line":297,"column":15},"end":{"line":308,"column":null}},"type":"binary-expr","locations":[{"start":{"line":297,"column":15},"end":{"line":297,"column":null}},{"start":{"line":298,"column":16},"end":{"line":308,"column":null}}],"line":297},"8":{"loc":{"start":{"line":322,"column":7},"end":{"line":335,"column":null}},"type":"binary-expr","locations":[{"start":{"line":322,"column":7},"end":{"line":322,"column":null}},{"start":{"line":323,"column":8},"end":{"line":335,"column":null}}],"line":322},"9":{"loc":{"start":{"line":361,"column":9},"end":{"line":361,"column":null}},"type":"cond-expr","locations":[{"start":{"line":361,"column":24},"end":{"line":361,"column":53}},{"start":{"line":361,"column":53},"end":{"line":361,"column":null}}],"line":361},"10":{"loc":{"start":{"line":363,"column":9},"end":{"line":364,"column":null}},"type":"binary-expr","locations":[{"start":{"line":363,"column":9},"end":{"line":363,"column":26}},{"start":{"line":363,"column":26},"end":{"line":364,"column":null}}],"line":363}},"s":{"0":1,"1":1,"2":31,"3":31,"4":31,"5":31,"6":31,"7":31,"8":1,"9":1,"10":1,"11":1,"12":0,"13":0,"14":31,"15":1,"16":30,"17":3},"f":{"0":31,"1":1,"2":3},"b":{"0":[1,30],"1":[3,1],"2":[3,27],"3":[31,3],"4":[3,27],"5":[31,3],"6":[0,30],"7":[31,0],"8":[31,0],"9":[3,27],"10":[31,27]},"meta":{"lastBranch":11,"lastFunction":3,"lastStatement":18,"seen":{"s:11:24:11:Infinity":0,"s:13:13:376:Infinity":1,"f:13:13:13:33":0,"s:14:16:14:31":2,"s:16:40:16:Infinity":3,"s:17:36:17:Infinity":4,"s:25:6:32:Infinity":5,"s:34:18:34:Infinity":6,"s:36:19:50:Infinity":7,"f:36:19:36:26":1,"s:37:4:37:Infinity":8,"s:40:4:40:Infinity":9,"s:42:4:49:Infinity":10,"s:45:6:45:Infinity":11,"s:47:6:47:Infinity":12,"s:48:6:48:Infinity":13,"b:52:2:97:Infinity:undefined:undefined:undefined:undefined":0,"s:52:2:97:Infinity":14,"s:53:4:95:Infinity":15,"s:99:2:374:Infinity":16,"f:144:14:144:25":2,"s:145:16:145:Infinity":17,"b:145:16:145:44:145:44:145:Infinity":1,"b:163:20:163:Infinity:164:20:164:Infinity":2,"b:169:11:169:Infinity:170:12:178:Infinity":3,"b:221:20:221:Infinity:222:20:222:Infinity":4,"b:227:11:227:Infinity:228:12:236:Infinity":5,"b:289:20:289:Infinity:290:20:290:Infinity":6,"b:297:15:297:Infinity:298:16:308:Infinity":7,"b:322:7:322:Infinity:323:8:335:Infinity":8,"b:361:24:361:53:361:53:361:Infinity":9,"b:363:9:363:26:363:26:364:Infinity":10},"fnNames":{}}}
,"C:\\Users\\ASUS\\Рабочий стол\\TEST TASK\\vv-work\\src\\components\\home\\JobSearch\\JobSearch.tsx": {"path":"C:\\Users\\ASUS\\Рабочий стол\\TEST TASK\\vv-work\\src\\components\\home\\JobSearch\\JobSearch.tsx","statementMap":{"0":{"start":{"line":15,"column":13},"end":{"line":185,"column":null}},"1":{"start":{"line":16,"column":16},"end":{"line":16,"column":31}},"2":{"start":{"line":18,"column":26},"end":{"line":18,"column":null}},"3":{"start":{"line":20,"column":28},"end":{"line":20,"column":null}},"4":{"start":{"line":21,"column":32},"end":{"line":21,"column":null}},"5":{"start":{"line":22,"column":34},"end":{"line":22,"column":68}},"6":{"start":{"line":24,"column":26},"end":{"line":24,"column":null}},"7":{"start":{"line":25,"column":42},"end":{"line":25,"column":null}},"8":{"start":{"line":27,"column":36},"end":{"line":27,"column":null}},"9":{"start":{"line":28,"column":28},"end":{"line":28,"column":null}},"10":{"start":{"line":29,"column":34},"end":{"line":29,"column":null}},"11":{"start":{"line":31,"column":25},"end":{"line":31,"column":null}},"12":{"start":{"line":34,"column":4},"end":{"line":34,"column":null}},"13":{"start":{"line":36,"column":2},"end":{"line":102,"column":null}},"14":{"start":{"line":37,"column":17},"end":{"line":37,"column":null}},"15":{"start":{"line":39,"column":4},"end":{"line":48,"column":null}},"16":{"start":{"line":40,"column":6},"end":{"line":40,"column":null}},"17":{"start":{"line":41,"column":6},"end":{"line":41,"column":null}},"18":{"start":{"line":42,"column":6},"end":{"line":42,"column":null}},"19":{"start":{"line":43,"column":6},"end":{"line":43,"column":null}},"20":{"start":{"line":45,"column":6},"end":{"line":47,"column":null}},"21":{"start":{"line":46,"column":8},"end":{"line":46,"column":null}},"22":{"start":{"line":50,"column":24},"end":{"line":95,"column":null}},"23":{"start":{"line":51,"column":6},"end":{"line":94,"column":null}},"24":{"start":{"line":52,"column":8},"end":{"line":52,"column":null}},"25":{"start":{"line":53,"column":8},"end":{"line":53,"column":null}},"26":{"start":{"line":55,"column":29},"end":{"line":59,"column":null}},"27":{"start":{"line":61,"column":8},"end":{"line":72,"column":null}},"28":{"start":{"line":62,"column":25},"end":{"line":62,"column":null}},"29":{"start":{"line":64,"column":10},"end":{"line":66,"column":null}},"30":{"start":{"line":65,"column":12},"end":{"line":65,"column":null}},"31":{"start":{"line":68,"column":10},"end":{"line":68,"column":null}},"32":{"start":{"line":69,"column":10},"end":{"line":69,"column":null}},"33":{"start":{"line":71,"column":10},"end":{"line":71,"column":null}},"34":{"start":{"line":74,"column":23},"end":{"line":74,"column":null}},"35":{"start":{"line":76,"column":8},"end":{"line":78,"column":null}},"36":{"start":{"line":77,"column":10},"end":{"line":77,"column":null}},"37":{"start":{"line":80,"column":8},"end":{"line":80,"column":null}},"38":{"start":{"line":81,"column":8},"end":{"line":81,"column":null}},"39":{"start":{"line":83,"column":8},"end":{"line":85,"column":null}},"40":{"start":{"line":84,"column":10},"end":{"line":84,"column":null}},"41":{"start":{"line":87,"column":8},"end":{"line":87,"column":null}},"42":{"start":{"line":88,"column":8},"end":{"line":88,"column":null}},"43":{"start":{"line":89,"column":8},"end":{"line":89,"column":null}},"44":{"start":{"line":91,"column":8},"end":{"line":93,"column":null}},"45":{"start":{"line":92,"column":10},"end":{"line":92,"column":null}},"46":{"start":{"line":97,"column":4},"end":{"line":97,"column":null}},"47":{"start":{"line":99,"column":4},"end":{"line":101,"column":null}},"48":{"start":{"line":100,"column":6},"end":{"line":100,"column":null}},"49":{"start":{"line":104,"column":8},"end":{"line":120,"column":null}},"50":{"start":{"line":105,"column":4},"end":{"line":107,"column":null}},"51":{"start":{"line":106,"column":6},"end":{"line":106,"column":null}},"52":{"start":{"line":109,"column":4},"end":{"line":109,"column":null}},"53":{"start":{"line":111,"column":4},"end":{"line":111,"column":null}},"54":{"start":{"line":112,"column":4},"end":{"line":112,"column":null}},"55":{"start":{"line":113,"column":4},"end":{"line":113,"column":null}},"56":{"start":{"line":115,"column":4},"end":{"line":115,"column":null}},"57":{"start":{"line":116,"column":4},"end":{"line":116,"column":null}},"58":{"start":{"line":118,"column":4},"end":{"line":118,"column":null}},"59":{"start":{"line":119,"column":4},"end":{"line":119,"column":null}},"60":{"start":{"line":122,"column":8},"end":{"line":128,"column":null}},"61":{"start":{"line":123,"column":4},"end":{"line":123,"column":null}},"62":{"start":{"line":125,"column":4},"end":{"line":127,"column":null}},"63":{"start":{"line":126,"column":6},"end":{"line":126,"column":null}},"64":{"start":{"line":130,"column":8},"end":{"line":132,"column":null}},"65":{"start":{"line":131,"column":4},"end":{"line":131,"column":null}},"66":{"start":{"line":134,"column":8},"end":{"line":140,"column":null}},"67":{"start":{"line":135,"column":4},"end":{"line":137,"column":null}},"68":{"start":{"line":136,"column":6},"end":{"line":136,"column":null}},"69":{"start":{"line":139,"column":4},"end":{"line":139,"column":null}},"70":{"start":{"line":142,"column":8},"end":{"line":150,"column":null}},"71":{"start":{"line":143,"column":4},"end":{"line":143,"column":null}},"72":{"start":{"line":145,"column":4},"end":{"line":147,"column":null}},"73":{"start":{"line":146,"column":6},"end":{"line":146,"column":null}},"74":{"start":{"line":149,"column":4},"end":{"line":149,"column":null}},"75":{"start":{"line":149,"column":29},"end":{"line":149,"column":40}},"76":{"start":{"line":152,"column":8},"end":{"line":154,"column":null}},"77":{"start":{"line":153,"column":4},"end":{"line":153,"column":null}},"78":{"start":{"line":153,"column":29},"end":{"line":153,"column":40}},"79":{"start":{"line":156,"column":2},"end":{"line":183,"column":null}}},"fnMap":{"0":{"name":"(anonymous_0)","decl":{"start":{"line":15,"column":13},"end":{"line":15,"column":31}},"loc":{"start":{"line":15,"column":31},"end":{"line":185,"column":null}},"line":15},"1":{"name":"(anonymous_1)","decl":{"start":{"line":36,"column":2},"end":{"line":36,"column":18}},"loc":{"start":{"line":36,"column":18},"end":{"line":102,"column":5}},"line":36},"2":{"name":"(anonymous_2)","decl":{"start":{"line":45,"column":6},"end":{"line":45,"column":19}},"loc":{"start":{"line":45,"column":19},"end":{"line":47,"column":null}},"line":45},"3":{"name":"(anonymous_3)","decl":{"start":{"line":50,"column":24},"end":{"line":50,"column":36}},"loc":{"start":{"line":50,"column":36},"end":{"line":95,"column":null}},"line":50},"4":{"name":"(anonymous_4)","decl":{"start":{"line":99,"column":4},"end":{"line":99,"column":17}},"loc":{"start":{"line":99,"column":17},"end":{"line":101,"column":null}},"line":99},"5":{"name":"(anonymous_5)","decl":{"start":{"line":104,"column":8},"end":{"line":104,"column":28}},"loc":{"start":{"line":104,"column":52},"end":{"line":120,"column":null}},"line":104},"6":{"name":"(anonymous_6)","decl":{"start":{"line":122,"column":8},"end":{"line":122,"column":29}},"loc":{"start":{"line":122,"column":47},"end":{"line":128,"column":null}},"line":122},"7":{"name":"(anonymous_7)","decl":{"start":{"line":130,"column":8},"end":{"line":130,"column":31}},"loc":{"start":{"line":130,"column":49},"end":{"line":132,"column":null}},"line":130},"8":{"name":"(anonymous_8)","decl":{"start":{"line":134,"column":8},"end":{"line":134,"column":32}},"loc":{"start":{"line":134,"column":55},"end":{"line":140,"column":null}},"line":134},"9":{"name":"(anonymous_9)","decl":{"start":{"line":135,"column":4},"end":{"line":135,"column":17}},"loc":{"start":{"line":136,"column":6},"end":{"line":136,"column":null}},"line":136},"10":{"name":"(anonymous_10)","decl":{"start":{"line":142,"column":8},"end":{"line":142,"column":24}},"loc":{"start":{"line":142,"column":68},"end":{"line":150,"column":null}},"line":142},"11":{"name":"(anonymous_11)","decl":{"start":{"line":149,"column":4},"end":{"line":149,"column":17}},"loc":{"start":{"line":149,"column":29},"end":{"line":149,"column":40}},"line":149},"12":{"name":"(anonymous_12)","decl":{"start":{"line":152,"column":8},"end":{"line":152,"column":28}},"loc":{"start":{"line":152,"column":28},"end":{"line":154,"column":null}},"line":152},"13":{"name":"(anonymous_13)","decl":{"start":{"line":153,"column":4},"end":{"line":153,"column":17}},"loc":{"start":{"line":153,"column":29},"end":{"line":153,"column":40}},"line":153}},"branchMap":{"0":{"loc":{"start":{"line":34,"column":4},"end":{"line":34,"column":null}},"type":"binary-expr","locations":[{"start":{"line":34,"column":4},"end":{"line":34,"column":41}},{"start":{"line":34,"column":41},"end":{"line":34,"column":61}},{"start":{"line":34,"column":61},"end":{"line":34,"column":null}}],"line":34},"1":{"loc":{"start":{"line":39,"column":4},"end":{"line":48,"column":null}},"type":"if","locations":[{"start":{"line":39,"column":4},"end":{"line":48,"column":null}},{"start":{},"end":{}}],"line":39},"2":{"loc":{"start":{"line":61,"column":8},"end":{"line":72,"column":null}},"type":"if","locations":[{"start":{"line":61,"column":8},"end":{"line":72,"column":null}},{"start":{},"end":{}}],"line":61},"3":{"loc":{"start":{"line":64,"column":10},"end":{"line":66,"column":null}},"type":"if","locations":[{"start":{"line":64,"column":10},"end":{"line":66,"column":null}},{"start":{},"end":{}}],"line":64},"4":{"loc":{"start":{"line":76,"column":8},"end":{"line":78,"column":null}},"type":"if","locations":[{"start":{"line":76,"column":8},"end":{"line":78,"column":null}},{"start":{},"end":{}}],"line":76},"5":{"loc":{"start":{"line":83,"column":8},"end":{"line":85,"column":null}},"type":"if","locations":[{"start":{"line":83,"column":8},"end":{"line":85,"column":null}},{"start":{},"end":{}}],"line":83},"6":{"loc":{"start":{"line":91,"column":8},"end":{"line":93,"column":null}},"type":"if","locations":[{"start":{"line":91,"column":8},"end":{"line":93,"column":null}},{"start":{},"end":{}}],"line":91},"7":{"loc":{"start":{"line":105,"column":4},"end":{"line":107,"column":null}},"type":"if","locations":[{"start":{"line":105,"column":4},"end":{"line":107,"column":null}},{"start":{},"end":{}}],"line":105},"8":{"loc":{"start":{"line":125,"column":4},"end":{"line":127,"column":null}},"type":"if","locations":[{"start":{"line":125,"column":4},"end":{"line":127,"column":null}},{"start":{},"end":{}}],"line":125},"9":{"loc":{"start":{"line":136,"column":6},"end":{"line":136,"column":null}},"type":"cond-expr","locations":[{"start":{"line":136,"column":34},"end":{"line":136,"column":46}},{"start":{"line":136,"column":46},"end":{"line":136,"column":null}}],"line":136},"10":{"loc":{"start":{"line":145,"column":4},"end":{"line":147,"column":null}},"type":"if","locations":[{"start":{"line":145,"column":4},"end":{"line":147,"column":null}},{"start":{},"end":{}}],"line":145}},"s":{"0":1,"1":50,"2":50,"3":50,"4":50,"5":50,"6":50,"7":50,"8":50,"9":50,"10":50,"11":50,"12":50,"13":50,"14":21,"15":21,"16":12,"17":12,"18":12,"19":12,"20":12,"21":12,"22":9,"23":9,"24":9,"25":9,"26":9,"27":9,"28":8,"29":6,"30":1,"31":5,"32":5,"33":5,"34":1,"35":1,"36":0,"37":1,"38":1,"39":2,"40":0,"41":2,"42":2,"43":2,"44":9,"45":8,"46":9,"47":9,"48":9,"49":50,"50":2,"51":0,"52":2,"53":2,"54":2,"55":2,"56":2,"57":2,"58":2,"59":2,"60":50,"61":7,"62":7,"63":0,"64":50,"65":1,"66":50,"67":1,"68":1,"69":1,"70":50,"71":0,"72":0,"73":0,"74":0,"75":0,"76":50,"77":1,"78":1,"79":50},"f":{"0":50,"1":21,"2":12,"3":9,"4":9,"5":2,"6":7,"7":1,"8":1,"9":1,"10":0,"11":0,"12":1,"13":1},"b":{"0":[50,30,27],"1":[12,9],"2":[8,1],"3":[1,5],"4":[0,1],"5":[0,2],"6":[8,1],"7":[0,2],"8":[0,7],"9":[0,1],"10":[0,0]},"meta":{"lastBranch":11,"lastFunction":14,"lastStatement":80,"seen":{"s:15:13:185:Infinity":0,"f:15:13:15:31":0,"s:16:16:16:31":1,"s:18:26:18:Infinity":2,"s:20:28:20:Infinity":3,"s:21:32:21:Infinity":4,"s:22:34:22:68":5,"s:24:26:24:Infinity":6,"s:25:42:25:Infinity":7,"s:27:36:27:Infinity":8,"s:28:28:28:Infinity":9,"s:29:34:29:Infinity":10,"s:31:25:31:Infinity":11,"s:34:4:34:Infinity":12,"b:34:4:34:41:34:41:34:61:34:61:34:Infinity":0,"s:36:2:102:Infinity":13,"f:36:2:36:18":1,"s:37:17:37:Infinity":14,"b:39:4:48:Infinity:undefined:undefined:undefined:undefined":1,"s:39:4:48:Infinity":15,"s:40:6:40:Infinity":16,"s:41:6:41:Infinity":17,"s:42:6:42:Infinity":18,"s:43:6:43:Infinity":19,"s:45:6:47:Infinity":20,"f:45:6:45:19":2,"s:46:8:46:Infinity":21,"s:50:24:95:Infinity":22,"f:50:24:50:36":3,"s:51:6:94:Infinity":23,"s:52:8:52:Infinity":24,"s:53:8:53:Infinity":25,"s:55:29:59:Infinity":26,"b:61:8:72:Infinity:undefined:undefined:undefined:undefined":2,"s:61:8:72:Infinity":27,"s:62:25:62:Infinity":28,"b:64:10:66:Infinity:undefined:undefined:undefined:undefined":3,"s:64:10:66:Infinity":29,"s:65:12:65:Infinity":30,"s:68:10:68:Infinity":31,"s:69:10:69:Infinity":32,"s:71:10:71:Infinity":33,"s:74:23:74:Infinity":34,"b:76:8:78:Infinity:undefined:undefined:undefined:undefined":4,"s:76:8:78:Infinity":35,"s:77:10:77:Infinity":36,"s:80:8:80:Infinity":37,"s:81:8:81:Infinity":38,"b:83:8:85:Infinity:undefined:undefined:undefined:undefined":5,"s:83:8:85:Infinity":39,"s:84:10:84:Infinity":40,"s:87:8:87:Infinity":41,"s:88:8:88:Infinity":42,"s:89:8:89:Infinity":43,"b:91:8:93:Infinity:undefined:undefined:undefined:undefined":6,"s:91:8:93:Infinity":44,"s:92:10:92:Infinity":45,"s:97:4:97:Infinity":46,"s:99:4:101:Infinity":47,"f:99:4:99:17":4,"s:100:6:100:Infinity":48,"s:104:8:120:Infinity":49,"f:104:8:104:28":5,"b:105:4:107:Infinity:undefined:undefined:undefined:undefined":7,"s:105:4:107:Infinity":50,"s:106:6:106:Infinity":51,"s:109:4:109:Infinity":52,"s:111:4:111:Infinity":53,"s:112:4:112:Infinity":54,"s:113:4:113:Infinity":55,"s:115:4:115:Infinity":56,"s:116:4:116:Infinity":57,"s:118:4:118:Infinity":58,"s:119:4:119:Infinity":59,"s:122:8:128:Infinity":60,"f:122:8:122:29":6,"s:123:4:123:Infinity":61,"b:125:4:127:Infinity:undefined:undefined:undefined:undefined":8,"s:125:4:127:Infinity":62,"s:126:6:126:Infinity":63,"s:130:8:132:Infinity":64,"f:130:8:130:31":7,"s:131:4:131:Infinity":65,"s:134:8:140:Infinity":66,"f:134:8:134:32":8,"s:135:4:137:Infinity":67,"f:135:4:135:17":9,"s:136:6:136:Infinity":68,"b:136:34:136:46:136:46:136:Infinity":9,"s:139:4:139:Infinity":69,"s:142:8:150:Infinity":70,"f:142:8:142:24":10,"s:143:4:143:Infinity":71,"b:145:4:147:Infinity:undefined:undefined:undefined:undefined":10,"s:145:4:147:Infinity":72,"s:146:6:146:Infinity":73,"s:149:4:149:Infinity":74,"f:149:4:149:17":11,"s:149:29:149:40":75,"s:152:8:154:Infinity":76,"f:152:8:152:28":12,"s:153:4:153:Infinity":77,"f:153:4:153:17":13,"s:153:29:153:40":78,"s:156:2:183:Infinity":79},"fnNames":{}}}
,"C:\\Users\\ASUS\\Рабочий стол\\TEST TASK\\vv-work\\src\\data\\candidates.ts": {"path":"C:\\Users\\ASUS\\Рабочий стол\\TEST TASK\\vv-work\\src\\data\\candidates.ts","statementMap":{"0":{"start":{"line":3,"column":39},"end":{"line":74,"column":null}}},"fnMap":{},"branchMap":{},"s":{"0":1},"f":{},"b":{},"meta":{"lastBranch":0,"lastFunction":0,"lastStatement":1,"seen":{"s:3:39:74:Infinity":0},"fnNames":{}}}
,"C:\\Users\\ASUS\\Рабочий стол\\TEST TASK\\vv-work\\src\\data\\jobs.ts": {"path":"C:\\Users\\ASUS\\Рабочий стол\\TEST TASK\\vv-work\\src\\data\\jobs.ts","statementMap":{"0":{"start":{"line":3,"column":27},"end":{"line":117,"column":null}}},"fnMap":{},"branchMap":{},"s":{"0":2},"f":{},"b":{},"meta":{"lastBranch":0,"lastFunction":0,"lastStatement":1,"seen":{"s:3:27:117:Infinity":0},"fnNames":{}}}
,"C:\\Users\\ASUS\\Рабочий стол\\TEST TASK\\vv-work\\src\\data\\partners.ts": {"path":"C:\\Users\\ASUS\\Рабочий стол\\TEST TASK\\vv-work\\src\\data\\partners.ts","statementMap":{"0":{"start":{"line":21,"column":35},"end":{"line":147,"column":null}}},"fnMap":{},"branchMap":{},"s":{"0":2},"f":{},"b":{},"meta":{"lastBranch":0,"lastFunction":0,"lastStatement":1,"seen":{"s:21:35:147:Infinity":0},"fnNames":{}}}
,"C:\\Users\\ASUS\\Рабочий стол\\TEST TASK\\vv-work\\src\\hooks\\useDebounce.ts": {"path":"C:\\Users\\ASUS\\Рабочий стол\\TEST TASK\\vv-work\\src\\hooks\\useDebounce.ts","statementMap":{"0":{"start":{"line":3,"column":13},"end":{"line":17,"column":null}},"1":{"start":{"line":4,"column":46},"end":{"line":4,"column":null}},"2":{"start":{"line":6,"column":2},"end":{"line":14,"column":null}},"3":{"start":{"line":7,"column":22},"end":{"line":9,"column":null}},"4":{"start":{"line":8,"column":6},"end":{"line":8,"column":null}},"5":{"start":{"line":11,"column":4},"end":{"line":13,"column":null}},"6":{"start":{"line":12,"column":6},"end":{"line":12,"column":null}},"7":{"start":{"line":16,"column":2},"end":{"line":16,"column":null}}},"fnMap":{"0":{"name":"(anonymous_0)","decl":{"start":{"line":3,"column":13},"end":{"line":3,"column":31}},"loc":{"start":{"line":3,"column":60},"end":{"line":17,"column":null}},"line":3},"1":{"name":"(anonymous_1)","decl":{"start":{"line":6,"column":2},"end":{"line":6,"column":18}},"loc":{"start":{"line":6,"column":18},"end":{"line":14,"column":5}},"line":6},"2":{"name":"(anonymous_2)","decl":{"start":{"line":7,"column":29},"end":{"line":7,"column":46}},"loc":{"start":{"line":7,"column":46},"end":{"line":9,"column":7}},"line":7},"3":{"name":"(anonymous_3)","decl":{"start":{"line":11,"column":4},"end":{"line":11,"column":17}},"loc":{"start":{"line":11,"column":17},"end":{"line":13,"column":null}},"line":11}},"branchMap":{"0":{"loc":{"start":{"line":3,"column":41},"end":{"line":3,"column":60}},"type":"default-arg","locations":[{"start":{"line":3,"column":49},"end":{"line":3,"column":60}}],"line":3}},"s":{"0":1,"1":14,"2":14,"3":11,"4":3,"5":11,"6":11,"7":14},"f":{"0":14,"1":11,"2":3,"3":11},"b":{"0":[14]},"meta":{"lastBranch":1,"lastFunction":4,"lastStatement":8,"seen":{"s:3:13:17:Infinity":0,"f:3:13:3:31":0,"b:3:49:3:60":0,"s:4:46:4:Infinity":1,"s:6:2:14:Infinity":2,"f:6:2:6:18":1,"s:7:22:9:Infinity":3,"f:7:29:7:46":2,"s:8:6:8:Infinity":4,"s:11:4:13:Infinity":5,"f:11:4:11:17":3,"s:12:6:12:Infinity":6,"s:16:2:16:Infinity":7},"fnNames":{}}}
,"C:\\Users\\ASUS\\Рабочий стол\\TEST TASK\\vv-work\\src\\hooks\\usePartnerPage.ts": {"path":"C:\\Users\\ASUS\\Рабочий стол\\TEST TASK\\vv-work\\src\\hooks\\usePartnerPage.ts","statementMap":{"0":{"start":{"line":7,"column":13},"end":{"line":61,"column":null}},"1":{"start":{"line":8,"column":30},"end":{"line":8,"column":null}},"2":{"start":{"line":9,"column":34},"end":{"line":9,"column":null}},"3":{"start":{"line":11,"column":18},"end":{"line":17,"column":null}},"4":{"start":{"line":12,"column":4},"end":{"line":14,"column":null}},"5":{"start":{"line":13,"column":6},"end":{"line":13,"column":null}},"6":{"start":{"line":16,"column":4},"end":{"line":16,"column":null}},"7":{"start":{"line":16,"column":35},"end":{"line":16,"column":53}},"8":{"start":{"line":19,"column":25},"end":{"line":25,"column":null}},"9":{"start":{"line":20,"column":4},"end":{"line":22,"column":null}},"10":{"start":{"line":21,"column":6},"end":{"line":21,"column":null}},"11":{"start":{"line":24,"column":4},"end":{"line":24,"column":null}},"12":{"start":{"line":24,"column":32},"end":{"line":24,"column":60}},"13":{"start":{"line":27,"column":30},"end":{"line":29,"column":null}},"14":{"start":{"line":28,"column":4},"end":{"line":28,"column":null}},"15":{"start":{"line":28,"column":58},"end":{"line":28,"column":70}},"16":{"start":{"line":31,"column":22},"end":{"line":50,"column":null}},"17":{"start":{"line":32,"column":29},"end":{"line":32,"column":null}},"18":{"start":{"line":34,"column":4},"end":{"line":49,"column":null}},"19":{"start":{"line":35,"column":30},"end":{"line":35,"column":null}},"20":{"start":{"line":37,"column":30},"end":{"line":37,"column":null}},"21":{"start":{"line":39,"column":32},"end":{"line":39,"column":null}},"22":{"start":{"line":42,"column":8},"end":{"line":46,"column":null}},"23":{"start":{"line":48,"column":6},"end":{"line":48,"column":null}},"24":{"start":{"line":52,"column":2},"end":{"line":60,"column":null}}},"fnMap":{"0":{"name":"(anonymous_0)","decl":{"start":{"line":7,"column":13},"end":{"line":7,"column":31}},"loc":{"start":{"line":7,"column":74},"end":{"line":61,"column":null}},"line":7},"1":{"name":"(anonymous_1)","decl":{"start":{"line":11,"column":18},"end":{"line":11,"column":32}},"loc":{"start":{"line":11,"column":32},"end":{"line":17,"column":5}},"line":11},"2":{"name":"(anonymous_2)","decl":{"start":{"line":16,"column":20},"end":{"line":16,"column":26}},"loc":{"start":{"line":16,"column":35},"end":{"line":16,"column":53}},"line":16},"3":{"name":"(anonymous_3)","decl":{"start":{"line":19,"column":25},"end":{"line":19,"column":39}},"loc":{"start":{"line":19,"column":39},"end":{"line":25,"column":5}},"line":19},"4":{"name":"(anonymous_4)","decl":{"start":{"line":24,"column":16},"end":{"line":24,"column":24}},"loc":{"start":{"line":24,"column":32},"end":{"line":24,"column":60}},"line":24},"5":{"name":"(anonymous_5)","decl":{"start":{"line":27,"column":30},"end":{"line":27,"column":44}},"loc":{"start":{"line":27,"column":44},"end":{"line":29,"column":5}},"line":27},"6":{"name":"(anonymous_6)","decl":{"start":{"line":28,"column":45},"end":{"line":28,"column":50}},"loc":{"start":{"line":28,"column":58},"end":{"line":28,"column":70}},"line":28},"7":{"name":"(anonymous_7)","decl":{"start":{"line":31,"column":22},"end":{"line":31,"column":36}},"loc":{"start":{"line":31,"column":36},"end":{"line":50,"column":5}},"line":31},"8":{"name":"(anonymous_8)","decl":{"start":{"line":34,"column":26},"end":{"line":34,"column":34}},"loc":{"start":{"line":34,"column":42},"end":{"line":49,"column":5}},"line":34}},"branchMap":{"0":{"loc":{"start":{"line":12,"column":4},"end":{"line":14,"column":null}},"type":"if","locations":[{"start":{"line":12,"column":4},"end":{"line":14,"column":null}},{"start":{},"end":{}}],"line":12},"1":{"loc":{"start":{"line":20,"column":4},"end":{"line":22,"column":null}},"type":"if","locations":[{"start":{"line":20,"column":4},"end":{"line":22,"column":null}},{"start":{},"end":{}}],"line":20},"2":{"loc":{"start":{"line":35,"column":30},"end":{"line":35,"column":null}},"type":"binary-expr","locations":[{"start":{"line":35,"column":30},"end":{"line":35,"column":52}},{"start":{"line":35,"column":52},"end":{"line":35,"column":null}}],"line":35},"3":{"loc":{"start":{"line":42,"column":8},"end":{"line":46,"column":null}},"type":"binary-expr","locations":[{"start":{"line":42,"column":8},"end":{"line":42,"column":null}},{"start":{"line":43,"column":8},"end":{"line":43,"column":null}},{"start":{"line":44,"column":8},"end":{"line":44,"column":null}},{"start":{"line":45,"column":8},"end":{"line":45,"column":null}},{"start":{"line":46,"column":8},"end":{"line":46,"column":null}}],"line":42},"4":{"loc":{"start":{"line":48,"column":13},"end":{"line":48,"column":null}},"type":"binary-expr","locations":[{"start":{"line":48,"column":13},"end":{"line":48,"column":32}},{"start":{"line":48,"column":32},"end":{"line":48,"column":null}}],"line":48}},"s":{"0":1,"1":32,"2":32,"3":32,"4":20,"5":1,"6":19,"7":61,"8":32,"9":20,"10":2,"11":18,"12":108,"13":32,"14":20,"15":18,"16":32,"17":32,"18":32,"19":30,"20":30,"21":30,"22":30,"23":30,"24":32},"f":{"0":32,"1":20,"2":61,"3":20,"4":108,"5":20,"6":18,"7":32,"8":30},"b":{"0":[1,19],"1":[2,18],"2":[30,4],"3":[30,9,5,4,3],"4":[30,29]},"meta":{"lastBranch":5,"lastFunction":9,"lastStatement":25,"seen":{"s:7:13:61:Infinity":0,"f:7:13:7:31":0,"s:8:30:8:Infinity":1,"s:9:34:9:Infinity":2,"s:11:18:17:Infinity":3,"f:11:18:11:32":1,"b:12:4:14:Infinity:undefined:undefined:undefined:undefined":0,"s:12:4:14:Infinity":4,"s:13:6:13:Infinity":5,"s:16:4:16:Infinity":6,"f:16:20:16:26":2,"s:16:35:16:53":7,"s:19:25:25:Infinity":8,"f:19:25:19:39":3,"b:20:4:22:Infinity:undefined:undefined:undefined:undefined":1,"s:20:4:22:Infinity":9,"s:21:6:21:Infinity":10,"s:24:4:24:Infinity":11,"f:24:16:24:24":4,"s:24:32:24:60":12,"s:27:30:29:Infinity":13,"f:27:30:27:44":5,"s:28:4:28:Infinity":14,"f:28:45:28:50":6,"s:28:58:28:70":15,"s:31:22:50:Infinity":16,"f:31:22:31:36":7,"s:32:29:32:Infinity":17,"s:34:4:49:Infinity":18,"f:34:26:34:34":8,"s:35:30:35:Infinity":19,"b:35:30:35:52:35:52:35:Infinity":2,"s:37:30:37:Infinity":20,"s:39:32:39:Infinity":21,"s:42:8:46:Infinity":22,"b:42:8:42:Infinity:43:8:43:Infinity:44:8:44:Infinity:45:8:45:Infinity:46:8:46:Infinity":3,"s:48:6:48:Infinity":23,"b:48:13:48:32:48:32:48:Infinity":4,"s:52:2:60:Infinity":24},"fnNames":{}}}
,"C:\\Users\\ASUS\\Рабочий стол\\TEST TASK\\vv-work\\src\\services\\candidatesApi.ts": {"path":"C:\\Users\\ASUS\\Рабочий стол\\TEST TASK\\vv-work\\src\\services\\candidatesApi.ts","statementMap":{"0":{"start":{"line":9,"column":6},"end":{"line":11,"column":null}},"1":{"start":{"line":10,"column":2},"end":{"line":10,"column":null}},"2":{"start":{"line":13,"column":29},"end":{"line":38,"column":null}},"3":{"start":{"line":16,"column":49},"end":{"line":16,"column":null}},"4":{"start":{"line":18,"column":26},"end":{"line":18,"column":null}},"5":{"start":{"line":20,"column":29},"end":{"line":32,"column":null}},"6":{"start":{"line":22,"column":6},"end":{"line":25,"column":null}},"7":{"start":{"line":24,"column":8},"end":{"line":24,"column":null}},"8":{"start":{"line":27,"column":27},"end":{"line":27,"column":null}},"9":{"start":{"line":29,"column":28},"end":{"line":29,"column":null}},"10":{"start":{"line":31,"column":4},"end":{"line":31,"column":null}},"11":{"start":{"line":34,"column":2},"end":{"line":37,"column":null}}},"fnMap":{"0":{"name":"(anonymous_0)","decl":{"start":{"line":9,"column":6},"end":{"line":9,"column":19}},"loc":{"start":{"line":9,"column":45},"end":{"line":11,"column":null}},"line":9},"1":{"name":"(anonymous_1)","decl":{"start":{"line":13,"column":29},"end":{"line":13,"column":null}},"loc":{"start":{"line":15,"column":37},"end":{"line":38,"column":null}},"line":15},"2":{"name":"(anonymous_2)","decl":{"start":{"line":20,"column":40},"end":{"line":20,"column":48}},"loc":{"start":{"line":20,"column":62},"end":{"line":32,"column":3}},"line":20},"3":{"name":"(anonymous_3)","decl":{"start":{"line":23,"column":61},"end":{"line":23,"column":67}},"loc":{"start":{"line":24,"column":8},"end":{"line":24,"column":null}},"line":24}},"branchMap":{"0":{"loc":{"start":{"line":14,"column":2},"end":{"line":14,"column":null}},"type":"default-arg","locations":[{"start":{"line":14,"column":34},"end":{"line":14,"column":null}}],"line":14},"1":{"loc":{"start":{"line":16,"column":10},"end":{"line":16,"column":22}},"type":"default-arg","locations":[{"start":{"line":16,"column":18},"end":{"line":16,"column":22}}],"line":16},"2":{"loc":{"start":{"line":16,"column":22},"end":{"line":16,"column":36}},"type":"default-arg","locations":[{"start":{"line":16,"column":32},"end":{"line":16,"column":36}}],"line":16},"3":{"loc":{"start":{"line":22,"column":6},"end":{"line":25,"column":null}},"type":"binary-expr","locations":[{"start":{"line":22,"column":6},"end":{"line":22,"column":null}},{"start":{"line":23,"column":6},"end":{"line":25,"column":null}}],"line":22},"4":{"loc":{"start":{"line":27,"column":27},"end":{"line":27,"column":null}},"type":"binary-expr","locations":[{"start":{"line":27,"column":27},"end":{"line":27,"column":39}},{"start":{"line":27,"column":39},"end":{"line":27,"column":null}}],"line":27},"5":{"loc":{"start":{"line":29,"column":28},"end":{"line":29,"column":null}},"type":"binary-expr","locations":[{"start":{"line":29,"column":28},"end":{"line":29,"column":41}},{"start":{"line":29,"column":41},"end":{"line":29,"column":null}}],"line":29},"6":{"loc":{"start":{"line":31,"column":11},"end":{"line":31,"column":null}},"type":"binary-expr","locations":[{"start":{"line":31,"column":11},"end":{"line":31,"column":27}},{"start":{"line":31,"column":27},"end":{"line":31,"column":45}},{"start":{"line":31,"column":45},"end":{"line":31,"column":null}}],"line":31}},"s":{"0":1,"1":108,"2":1,"3":8,"4":8,"5":8,"6":56,"7":100,"8":56,"9":56,"10":56,"11":8},"f":{"0":108,"1":8,"2":56,"3":100},"b":{"0":[8],"1":[8],"2":[8],"3":[56,35],"4":[56,7],"5":[56,7],"6":[56,25,20]},"meta":{"lastBranch":7,"lastFunction":4,"lastStatement":12,"seen":{"s:9:6:11:Infinity":0,"f:9:6:9:19":0,"s:10:2:10:Infinity":1,"s:13:29:38:Infinity":2,"f:13:29:13:Infinity":1,"b:14:34:14:Infinity":0,"s:16:49:16:Infinity":3,"b:16:18:16:22":1,"b:16:32:16:36":2,"s:18:26:18:Infinity":4,"s:20:29:32:Infinity":5,"f:20:40:20:48":2,"s:22:6:25:Infinity":6,"b:22:6:22:Infinity:23:6:25:Infinity":3,"f:23:61:23:67":3,"s:24:8:24:Infinity":7,"s:27:27:27:Infinity":8,"b:27:27:27:39:27:39:27:Infinity":4,"s:29:28:29:Infinity":9,"b:29:28:29:41:29:41:29:Infinity":5,"s:31:4:31:Infinity":10,"b:31:11:31:27:31:27:31:45:31:45:31:Infinity":6,"s:34:2:37:Infinity":11},"fnNames":{}}}
,"C:\\Users\\ASUS\\Рабочий стол\\TEST TASK\\vv-work\\src\\services\\contactApi.ts": {"path":"C:\\Users\\ASUS\\Рабочий стол\\TEST TASK\\vv-work\\src\\services\\contactApi.ts","statementMap":{"0":{"start":{"line":13,"column":13},"end":{"line":19,"column":null}},"1":{"start":{"line":16,"column":4},"end":{"line":18,"column":null}}},"fnMap":{"0":{"name":"(anonymous_0)","decl":{"start":{"line":13,"column":13},"end":{"line":13,"column":null}},"loc":{"start":{"line":15,"column":32},"end":{"line":19,"column":null}},"line":15}},"branchMap":{},"s":{"0":2,"1":3},"f":{"0":3},"b":{},"meta":{"lastBranch":0,"lastFunction":1,"lastStatement":2,"seen":{"s:13:13:19:Infinity":0,"f:13:13:13:Infinity":0,"s:16:4:18:Infinity":1},"fnNames":{}}}
,"C:\\Users\\ASUS\\Рабочий стол\\TEST TASK\\vv-work\\src\\services\\jobsApi.ts": {"path":"C:\\Users\\ASUS\\Рабочий стол\\TEST TASK\\vv-work\\src\\services\\jobsApi.ts","statementMap":{"0":{"start":{"line":6,"column":6},"end":{"line":8,"column":null}},"1":{"start":{"line":7,"column":2},"end":{"line":7,"column":null}},"2":{"start":{"line":10,"column":6},"end":{"line":20,"column":null}},"3":{"start":{"line":11,"column":2},"end":{"line":13,"column":null}},"4":{"start":{"line":12,"column":4},"end":{"line":12,"column":null}},"5":{"start":{"line":15,"column":26},"end":{"line":15,"column":null}},"6":{"start":{"line":17,"column":2},"end":{"line":19,"column":null}},"7":{"start":{"line":18,"column":4},"end":{"line":18,"column":null}},"8":{"start":{"line":22,"column":23},"end":{"line":41,"column":null}},"9":{"start":{"line":25,"column":49},"end":{"line":25,"column":null}},"10":{"start":{"line":27,"column":23},"end":{"line":35,"column":null}},"11":{"start":{"line":28,"column":26},"end":{"line":28,"column":null}},"12":{"start":{"line":30,"column":27},"end":{"line":30,"column":null}},"13":{"start":{"line":32,"column":28},"end":{"line":32,"column":null}},"14":{"start":{"line":34,"column":4},"end":{"line":34,"column":null}},"15":{"start":{"line":37,"column":2},"end":{"line":40,"column":null}}},"fnMap":{"0":{"name":"(anonymous_0)","decl":{"start":{"line":6,"column":6},"end":{"line":6,"column":19}},"loc":{"start":{"line":6,"column":37},"end":{"line":8,"column":null}},"line":6},"1":{"name":"(anonymous_1)","decl":{"start":{"line":10,"column":6},"end":{"line":10,"column":22}},"loc":{"start":{"line":10,"column":50},"end":{"line":20,"column":null}},"line":10},"2":{"name":"(anonymous_2)","decl":{"start":{"line":17,"column":60},"end":{"line":17,"column":66}},"loc":{"start":{"line":18,"column":4},"end":{"line":18,"column":null}},"line":18},"3":{"name":"(anonymous_3)","decl":{"start":{"line":22,"column":23},"end":{"line":22,"column":null}},"loc":{"start":{"line":24,"column":31},"end":{"line":41,"column":null}},"line":24},"4":{"name":"(anonymous_4)","decl":{"start":{"line":27,"column":28},"end":{"line":27,"column":36}},"loc":{"start":{"line":27,"column":44},"end":{"line":35,"column":3}},"line":27}},"branchMap":{"0":{"loc":{"start":{"line":11,"column":2},"end":{"line":13,"column":null}},"type":"if","locations":[{"start":{"line":11,"column":2},"end":{"line":13,"column":null}},{"start":{},"end":{}}],"line":11},"1":{"loc":{"start":{"line":23,"column":2},"end":{"line":23,"column":null}},"type":"default-arg","locations":[{"start":{"line":23,"column":28},"end":{"line":23,"column":null}}],"line":23},"2":{"loc":{"start":{"line":25,"column":10},"end":{"line":25,"column":22}},"type":"default-arg","locations":[{"start":{"line":25,"column":18},"end":{"line":25,"column":22}}],"line":25},"3":{"loc":{"start":{"line":25,"column":22},"end":{"line":25,"column":36}},"type":"default-arg","locations":[{"start":{"line":25,"column":32},"end":{"line":25,"column":36}}],"line":25},"4":{"loc":{"start":{"line":30,"column":27},"end":{"line":30,"column":null}},"type":"binary-expr","locations":[{"start":{"line":30,"column":27},"end":{"line":30,"column":39}},{"start":{"line":30,"column":39},"end":{"line":30,"column":null}}],"line":30},"5":{"loc":{"start":{"line":32,"column":28},"end":{"line":32,"column":null}},"type":"binary-expr","locations":[{"start":{"line":32,"column":28},"end":{"line":32,"column":41}},{"start":{"line":32,"column":41},"end":{"line":32,"column":null}}],"line":32},"6":{"loc":{"start":{"line":34,"column":11},"end":{"line":34,"column":null}},"type":"binary-expr","locations":[{"start":{"line":34,"column":11},"end":{"line":34,"column":28}},{"start":{"line":34,"column":28},"end":{"line":34,"column":46}},{"start":{"line":34,"column":46},"end":{"line":34,"column":null}}],"line":34}},"s":{"0":1,"1":168,"2":1,"3":54,"4":18,"5":36,"6":36,"7":132,"8":1,"9":9,"10":9,"11":54,"12":54,"13":54,"14":54,"15":9},"f":{"0":168,"1":54,"2":132,"3":9,"4":54},"b":{"0":[18,36],"1":[9],"2":[9],"3":[9],"4":[54,12],"5":[54,12],"6":[54,23,19]},"meta":{"lastBranch":7,"lastFunction":5,"lastStatement":16,"seen":{"s:6:6:8:Infinity":0,"f:6:6:6:19":0,"s:7:2:7:Infinity":1,"s:10:6:20:Infinity":2,"f:10:6:10:22":1,"b:11:2:13:Infinity:undefined:undefined:undefined:undefined":0,"s:11:2:13:Infinity":3,"s:12:4:12:Infinity":4,"s:15:26:15:Infinity":5,"s:17:2:19:Infinity":6,"f:17:60:17:66":2,"s:18:4:18:Infinity":7,"s:22:23:41:Infinity":8,"f:22:23:22:Infinity":3,"b:23:28:23:Infinity":1,"s:25:49:25:Infinity":9,"b:25:18:25:22":2,"b:25:32:25:36":3,"s:27:23:35:Infinity":10,"f:27:28:27:36":4,"s:28:26:28:Infinity":11,"s:30:27:30:Infinity":12,"b:30:27:30:39:30:39:30:Infinity":4,"s:32:28:32:Infinity":13,"b:32:28:32:41:32:41:32:Infinity":5,"s:34:4:34:Infinity":14,"b:34:11:34:28:34:28:34:46:34:46:34:Infinity":6,"s:37:2:40:Infinity":15},"fnNames":{}}}
,"C:\\Users\\ASUS\\Рабочий стол\\TEST TASK\\vv-work\\src\\services\\mockFetch.ts": {"path":"C:\\Users\\ASUS\\Рабочий стол\\TEST TASK\\vv-work\\src\\services\\mockFetch.ts","statementMap":{"0":{"start":{"line":7,"column":26},"end":{"line":7,"column":null}},"1":{"start":{"line":8,"column":26},"end":{"line":8,"column":null}},"2":{"start":{"line":9,"column":27},"end":{"line":9,"column":null}},"3":{"start":{"line":11,"column":6},"end":{"line":13,"column":null}},"4":{"start":{"line":12,"column":2},"end":{"line":12,"column":null}},"5":{"start":{"line":15,"column":25},"end":{"line":36,"column":null}},"6":{"start":{"line":23,"column":6},"end":{"line":23,"column":null}},"7":{"start":{"line":25,"column":16},"end":{"line":25,"column":null}},"8":{"start":{"line":27,"column":2},"end":{"line":29,"column":null}},"9":{"start":{"line":28,"column":4},"end":{"line":28,"column":null}},"10":{"start":{"line":31,"column":2},"end":{"line":33,"column":null}},"11":{"start":{"line":32,"column":4},"end":{"line":32,"column":null}},"12":{"start":{"line":35,"column":2},"end":{"line":35,"column":null}}},"fnMap":{"0":{"name":"(anonymous_0)","decl":{"start":{"line":11,"column":6},"end":{"line":11,"column":24}},"loc":{"start":{"line":11,"column":71},"end":{"line":13,"column":null}},"line":11},"1":{"name":"(anonymous_1)","decl":{"start":{"line":15,"column":25},"end":{"line":15,"column":null}},"loc":{"start":{"line":18,"column":17},"end":{"line":36,"column":null}},"line":18},"2":{"name":"(anonymous_2)","decl":{"start":{"line":27,"column":12},"end":{"line":27,"column":27}},"loc":{"start":{"line":27,"column":39},"end":{"line":29,"column":3}},"line":27}},"branchMap":{"0":{"loc":{"start":{"line":17,"column":2},"end":{"line":17,"column":null}},"type":"default-arg","locations":[{"start":{"line":17,"column":30},"end":{"line":17,"column":null}}],"line":17},"1":{"loc":{"start":{"line":20,"column":4},"end":{"line":20,"column":null}},"type":"default-arg","locations":[{"start":{"line":20,"column":15},"end":{"line":20,"column":null}}],"line":20},"2":{"loc":{"start":{"line":21,"column":4},"end":{"line":21,"column":null}},"type":"default-arg","locations":[{"start":{"line":21,"column":15},"end":{"line":21,"column":null}}],"line":21},"3":{"loc":{"start":{"line":22,"column":4},"end":{"line":22,"column":null}},"type":"default-arg","locations":[{"start":{"line":22,"column":16},"end":{"line":22,"column":null}}],"line":22},"4":{"loc":{"start":{"line":31,"column":2},"end":{"line":33,"column":null}},"type":"if","locations":[{"start":{"line":31,"column":2},"end":{"line":33,"column":null}},{"start":{},"end":{}}],"line":31}},"s":{"0":2,"1":2,"2":2,"3":2,"4":4,"5":2,"6":4,"7":4,"8":4,"9":4,"10":4,"11":1,"12":3},"f":{"0":4,"1":4,"2":4},"b":{"0":[4],"1":[4],"2":[4],"3":[4],"4":[1,3]},"meta":{"lastBranch":5,"lastFunction":3,"lastStatement":13,"seen":{"s:7:26:7:Infinity":0,"s:8:26:8:Infinity":1,"s:9:27:9:Infinity":2,"s:11:6:13:Infinity":3,"f:11:6:11:24":0,"s:12:2:12:Infinity":4,"s:15:25:36:Infinity":5,"f:15:25:15:Infinity":1,"b:17:30:17:Infinity":0,"s:23:6:23:Infinity":6,"b:20:15:20:Infinity":1,"b:21:15:21:Infinity":2,"b:22:16:22:Infinity":3,"s:25:16:25:Infinity":7,"s:27:2:29:Infinity":8,"f:27:12:27:27":2,"s:28:4:28:Infinity":9,"b:31:2:33:Infinity:undefined:undefined:undefined:undefined":4,"s:31:2:33:Infinity":10,"s:32:4:32:Infinity":11,"s:35:2:35:Infinity":12},"fnNames":{}}}
,"C:\\Users\\ASUS\\Рабочий стол\\TEST TASK\\vv-work\\src\\services\\partnersApi.ts": {"path":"C:\\Users\\ASUS\\Рабочий стол\\TEST TASK\\vv-work\\src\\services\\partnersApi.ts","statementMap":{"0":{"start":{"line":6,"column":27},"end":{"line":8,"column":null}},"1":{"start":{"line":7,"column":2},"end":{"line":7,"column":null}},"2":{"start":{"line":10,"column":32},"end":{"line":18,"column":null}},"3":{"start":{"line":11,"column":18},"end":{"line":11,"column":null}},"4":{"start":{"line":11,"column":42},"end":{"line":11,"column":60}},"5":{"start":{"line":13,"column":2},"end":{"line":15,"column":null}},"6":{"start":{"line":14,"column":4},"end":{"line":14,"column":null}},"7":{"start":{"line":17,"column":2},"end":{"line":17,"column":null}}},"fnMap":{"0":{"name":"(anonymous_0)","decl":{"start":{"line":6,"column":27},"end":{"line":6,"column":59}},"loc":{"start":{"line":6,"column":59},"end":{"line":8,"column":null}},"line":6},"1":{"name":"(anonymous_1)","decl":{"start":{"line":10,"column":32},"end":{"line":10,"column":39}},"loc":{"start":{"line":10,"column":74},"end":{"line":18,"column":null}},"line":10},"2":{"name":"(anonymous_2)","decl":{"start":{"line":11,"column":27},"end":{"line":11,"column":33}},"loc":{"start":{"line":11,"column":42},"end":{"line":11,"column":60}},"line":11}},"branchMap":{"0":{"loc":{"start":{"line":13,"column":2},"end":{"line":15,"column":null}},"type":"if","locations":[{"start":{"line":13,"column":2},"end":{"line":15,"column":null}},{"start":{},"end":{}}],"line":13}},"s":{"0":1,"1":1,"2":1,"3":2,"4":7,"5":2,"6":1,"7":1},"f":{"0":1,"1":2,"2":7},"b":{"0":[1,1]},"meta":{"lastBranch":1,"lastFunction":3,"lastStatement":8,"seen":{"s:6:27:8:Infinity":0,"f:6:27:6:59":0,"s:7:2:7:Infinity":1,"s:10:32:18:Infinity":2,"f:10:32:10:39":1,"s:11:18:11:Infinity":3,"f:11:27:11:33":2,"s:11:42:11:60":4,"b:13:2:15:Infinity:undefined:undefined:undefined:undefined":0,"s:13:2:15:Infinity":5,"s:14:4:14:Infinity":6,"s:17:2:17:Infinity":7},"fnNames":{}}}
}
